INFO - 2024-07-25 03:44:53 --> Session: Class initialized using 'CodeIgniter\Session\Handlers\FileHandler' driver.
INFO - 2024-07-25 04:20:50 --> Session: Class initialized using 'CodeIgniter\Session\Handlers\FileHandler' driver.
INFO - 2024-07-25 04:20:52 --> Session: Class initialized using 'CodeIgniter\Session\Handlers\FileHandler' driver.
INFO - 2024-07-25 04:20:54 --> Session: Class initialized using 'CodeIgniter\Session\Handlers\FileHandler' driver.
INFO - 2024-07-25 04:21:14 --> Session: Class initialized using 'CodeIgniter\Session\Handlers\FileHandler' driver.
INFO - 2024-07-25 04:21:40 --> Session: Class initialized using 'CodeIgniter\Session\Handlers\FileHandler' driver.
INFO - 2024-07-25 04:21:42 --> Session: Class initialized using 'CodeIgniter\Session\Handlers\FileHandler' driver.
INFO - 2024-07-25 04:29:17 --> Session: Class initialized using 'CodeIgniter\Session\Handlers\FileHandler' driver.
ERROR - 2024-07-25 05:03:24 --> mysqli_sql_exception: You have an error in your SQL syntax; check the manual that corresponds to your MariaDB server version for the right syntax to use near ''cek_stok' BEFORE INSERT ON 'transaksi' FOR EACH ROW BEGIN IF NEW.jumlah = (S...' at line 1 in D:\Project\xampp\htdocs\Basdat2\system\Database\MySQLi\Connection.php:312
Stack trace:
#0 D:\Project\xampp\htdocs\Basdat2\system\Database\MySQLi\Connection.php(312): mysqli->query('CREATE TRIGGER ...', 0)
#1 D:\Project\xampp\htdocs\Basdat2\system\Database\BaseConnection.php(734): CodeIgniter\Database\MySQLi\Connection->execute('CREATE TRIGGER ...')
#2 D:\Project\xampp\htdocs\Basdat2\system\Database\BaseConnection.php(648): CodeIgniter\Database\BaseConnection->simpleQuery('CREATE TRIGGER ...')
#3 D:\Project\xampp\htdocs\Basdat2\app\Database\Migrations\2024-07-25-113416_CreateStokTrigger.php(11): CodeIgniter\Database\BaseConnection->query('CREATE TRIGGER ...')
#4 D:\Project\xampp\htdocs\Basdat2\system\Database\MigrationRunner.php(867): App\Database\Migrations\CreateStokTrigger->up()
#5 D:\Project\xampp\htdocs\Basdat2\system\Database\MigrationRunner.php(183): CodeIgniter\Database\MigrationRunner->migrate('up', Object(stdClass))
#6 D:\Project\xampp\htdocs\Basdat2\system\Commands\Database\Migrate.php(85): CodeIgniter\Database\MigrationRunner->latest(NULL)
#7 D:\Project\xampp\htdocs\Basdat2\system\CLI\Commands.php(70): CodeIgniter\Commands\Database\Migrate->run(Array)
#8 D:\Project\xampp\htdocs\Basdat2\system\CLI\Console.php(48): CodeIgniter\CLI\Commands->run('migrate', Array)
#9 D:\Project\xampp\htdocs\Basdat2\system\Boot.php(351): CodeIgniter\CLI\Console->run()
#10 D:\Project\xampp\htdocs\Basdat2\system\Boot.php(104): CodeIgniter\Boot::runCommand(Object(CodeIgniter\CLI\Console))
#11 D:\Project\xampp\htdocs\Basdat2\spark(84): CodeIgniter\Boot::bootSpark(Object(Config\Paths))
#12 {main}
ERROR - 2024-07-25 05:04:28 --> mysqli_sql_exception: You have an error in your SQL syntax; check the manual that corresponds to your MariaDB server version for the right syntax to use near 'END IF; END' at line 1 in D:\Project\xampp\htdocs\Basdat2\system\Database\MySQLi\Connection.php:312
Stack trace:
#0 D:\Project\xampp\htdocs\Basdat2\system\Database\MySQLi\Connection.php(312): mysqli->query('CREATE TRIGGER ...', 0)
#1 D:\Project\xampp\htdocs\Basdat2\system\Database\BaseConnection.php(734): CodeIgniter\Database\MySQLi\Connection->execute('CREATE TRIGGER ...')
#2 D:\Project\xampp\htdocs\Basdat2\system\Database\BaseConnection.php(648): CodeIgniter\Database\BaseConnection->simpleQuery('CREATE TRIGGER ...')
#3 D:\Project\xampp\htdocs\Basdat2\app\Database\Migrations\2024-07-25-113416_CreateStokTrigger.php(11): CodeIgniter\Database\BaseConnection->query('CREATE TRIGGER ...')
#4 D:\Project\xampp\htdocs\Basdat2\system\Database\MigrationRunner.php(867): App\Database\Migrations\CreateStokTrigger->up()
#5 D:\Project\xampp\htdocs\Basdat2\system\Database\MigrationRunner.php(183): CodeIgniter\Database\MigrationRunner->migrate('up', Object(stdClass))
#6 D:\Project\xampp\htdocs\Basdat2\system\Commands\Database\Migrate.php(85): CodeIgniter\Database\MigrationRunner->latest(NULL)
#7 D:\Project\xampp\htdocs\Basdat2\system\CLI\Commands.php(70): CodeIgniter\Commands\Database\Migrate->run(Array)
#8 D:\Project\xampp\htdocs\Basdat2\system\CLI\Console.php(48): CodeIgniter\CLI\Commands->run('migrate', Array)
#9 D:\Project\xampp\htdocs\Basdat2\system\Boot.php(351): CodeIgniter\CLI\Console->run()
#10 D:\Project\xampp\htdocs\Basdat2\system\Boot.php(104): CodeIgniter\Boot::runCommand(Object(CodeIgniter\CLI\Console))
#11 D:\Project\xampp\htdocs\Basdat2\spark(84): CodeIgniter\Boot::bootSpark(Object(Config\Paths))
#12 {main}
ERROR - 2024-07-25 05:05:04 --> mysqli_sql_exception: You have an error in your SQL syntax; check the manual that corresponds to your MariaDB server version for the right syntax to use near 'END IF; END' at line 1 in D:\Project\xampp\htdocs\Basdat2\system\Database\MySQLi\Connection.php:312
Stack trace:
#0 D:\Project\xampp\htdocs\Basdat2\system\Database\MySQLi\Connection.php(312): mysqli->query('CREATE TRIGGER ...', 0)
#1 D:\Project\xampp\htdocs\Basdat2\system\Database\BaseConnection.php(734): CodeIgniter\Database\MySQLi\Connection->execute('CREATE TRIGGER ...')
#2 D:\Project\xampp\htdocs\Basdat2\system\Database\BaseConnection.php(648): CodeIgniter\Database\BaseConnection->simpleQuery('CREATE TRIGGER ...')
#3 D:\Project\xampp\htdocs\Basdat2\app\Database\Migrations\2024-07-25-113416_CreateStokTrigger.php(11): CodeIgniter\Database\BaseConnection->query('CREATE TRIGGER ...')
#4 D:\Project\xampp\htdocs\Basdat2\system\Database\MigrationRunner.php(867): App\Database\Migrations\CreateStokTrigger->up()
#5 D:\Project\xampp\htdocs\Basdat2\system\Database\MigrationRunner.php(183): CodeIgniter\Database\MigrationRunner->migrate('up', Object(stdClass))
#6 D:\Project\xampp\htdocs\Basdat2\system\Commands\Database\Migrate.php(85): CodeIgniter\Database\MigrationRunner->latest(NULL)
#7 D:\Project\xampp\htdocs\Basdat2\system\CLI\Commands.php(70): CodeIgniter\Commands\Database\Migrate->run(Array)
#8 D:\Project\xampp\htdocs\Basdat2\system\CLI\Console.php(48): CodeIgniter\CLI\Commands->run('migrate', Array)
#9 D:\Project\xampp\htdocs\Basdat2\system\Boot.php(351): CodeIgniter\CLI\Console->run()
#10 D:\Project\xampp\htdocs\Basdat2\system\Boot.php(104): CodeIgniter\Boot::runCommand(Object(CodeIgniter\CLI\Console))
#11 D:\Project\xampp\htdocs\Basdat2\spark(84): CodeIgniter\Boot::bootSpark(Object(Config\Paths))
#12 {main}
ERROR - 2024-07-25 05:06:56 --> mysqli_sql_exception: You have an error in your SQL syntax; check the manual that corresponds to your MariaDB server version for the right syntax to use near 'DELIMITER //' at line 1 in D:\Project\xampp\htdocs\Basdat2\system\Database\MySQLi\Connection.php:312
Stack trace:
#0 D:\Project\xampp\htdocs\Basdat2\system\Database\MySQLi\Connection.php(312): mysqli->query('DELIMITER //', 0)
#1 D:\Project\xampp\htdocs\Basdat2\system\Database\BaseConnection.php(734): CodeIgniter\Database\MySQLi\Connection->execute('DELIMITER //')
#2 D:\Project\xampp\htdocs\Basdat2\system\Database\BaseConnection.php(648): CodeIgniter\Database\BaseConnection->simpleQuery('DELIMITER //')
#3 D:\Project\xampp\htdocs\Basdat2\app\Database\Migrations\2024-07-25-113416_CreateStokTrigger.php(11): CodeIgniter\Database\BaseConnection->query('DELIMITER //')
#4 D:\Project\xampp\htdocs\Basdat2\system\Database\MigrationRunner.php(867): App\Database\Migrations\CreateStokTrigger->up()
#5 D:\Project\xampp\htdocs\Basdat2\system\Database\MigrationRunner.php(183): CodeIgniter\Database\MigrationRunner->migrate('up', Object(stdClass))
#6 D:\Project\xampp\htdocs\Basdat2\system\Commands\Database\Migrate.php(85): CodeIgniter\Database\MigrationRunner->latest(NULL)
#7 D:\Project\xampp\htdocs\Basdat2\system\CLI\Commands.php(70): CodeIgniter\Commands\Database\Migrate->run(Array)
#8 D:\Project\xampp\htdocs\Basdat2\system\CLI\Console.php(48): CodeIgniter\CLI\Commands->run('migrate', Array)
#9 D:\Project\xampp\htdocs\Basdat2\system\Boot.php(351): CodeIgniter\CLI\Console->run()
#10 D:\Project\xampp\htdocs\Basdat2\system\Boot.php(104): CodeIgniter\Boot::runCommand(Object(CodeIgniter\CLI\Console))
#11 D:\Project\xampp\htdocs\Basdat2\spark(84): CodeIgniter\Boot::bootSpark(Object(Config\Paths))
#12 {main}
ERROR - 2024-07-25 05:08:04 --> mysqli_sql_exception: You have an error in your SQL syntax; check the manual that corresponds to your MariaDB server version for the right syntax to use near 'END IF;
            END' at line 5 in D:\Project\xampp\htdocs\Basdat2\system\Database\MySQLi\Connection.php:312
Stack trace:
#0 D:\Project\xampp\htdocs\Basdat2\system\Database\MySQLi\Connection.php(312): mysqli->query('\n            CR...', 0)
#1 D:\Project\xampp\htdocs\Basdat2\system\Database\BaseConnection.php(734): CodeIgniter\Database\MySQLi\Connection->execute('\n            CR...')
#2 D:\Project\xampp\htdocs\Basdat2\system\Database\BaseConnection.php(648): CodeIgniter\Database\BaseConnection->simpleQuery('\n            CR...')
#3 D:\Project\xampp\htdocs\Basdat2\app\Database\Migrations\2024-07-25-113416_CreateStokTrigger.php(11): CodeIgniter\Database\BaseConnection->query('\n            CR...')
#4 D:\Project\xampp\htdocs\Basdat2\system\Database\MigrationRunner.php(867): App\Database\Migrations\CreateStokTrigger->up()
#5 D:\Project\xampp\htdocs\Basdat2\system\Database\MigrationRunner.php(183): CodeIgniter\Database\MigrationRunner->migrate('up', Object(stdClass))
#6 D:\Project\xampp\htdocs\Basdat2\system\Commands\Database\Migrate.php(85): CodeIgniter\Database\MigrationRunner->latest(NULL)
#7 D:\Project\xampp\htdocs\Basdat2\system\CLI\Commands.php(70): CodeIgniter\Commands\Database\Migrate->run(Array)
#8 D:\Project\xampp\htdocs\Basdat2\system\CLI\Console.php(48): CodeIgniter\CLI\Commands->run('migrate', Array)
#9 D:\Project\xampp\htdocs\Basdat2\system\Boot.php(351): CodeIgniter\CLI\Console->run()
#10 D:\Project\xampp\htdocs\Basdat2\system\Boot.php(104): CodeIgniter\Boot::runCommand(Object(CodeIgniter\CLI\Console))
#11 D:\Project\xampp\htdocs\Basdat2\spark(84): CodeIgniter\Boot::bootSpark(Object(Config\Paths))
#12 {main}
INFO - 2024-07-25 05:27:31 --> Session: Class initialized using 'CodeIgniter\Session\Handlers\FileHandler' driver.
INFO - 2024-07-25 05:33:16 --> Session: Class initialized using 'CodeIgniter\Session\Handlers\FileHandler' driver.
CRITICAL - 2024-07-25 05:33:19 --> TypeError: unlink(): Argument #2 ($context) must be of type resource or null, string given
[Method: GET, Route: buku/delete/1]
in APPPATH\Controllers\Buku.php on line 121.
 1 APPPATH\Controllers\Buku.php(121): unlink('D:\\Project\\xampp\\htdocs\\Basdat2\\public/uploads', '001')
 2 SYSTEMPATH\CodeIgniter.php(933): App\Controllers\Buku->delete('1')
 3 SYSTEMPATH\CodeIgniter.php(509): CodeIgniter\CodeIgniter->runController(Object(App\Controllers\Buku))
 4 SYSTEMPATH\CodeIgniter.php(355): CodeIgniter\CodeIgniter->handleRequest(null, Object(Config\Cache), false)
 5 SYSTEMPATH\Boot.php(325): CodeIgniter\CodeIgniter->run()
 6 SYSTEMPATH\Boot.php(67): CodeIgniter\Boot::runCodeIgniter(Object(CodeIgniter\CodeIgniter))
 7 FCPATH\index.php(56): CodeIgniter\Boot::bootWeb(Object(Config\Paths))
INFO - 2024-07-25 05:33:52 --> Session: Class initialized using 'CodeIgniter\Session\Handlers\FileHandler' driver.
INFO - 2024-07-25 05:36:32 --> Session: Class initialized using 'CodeIgniter\Session\Handlers\FileHandler' driver.
INFO - 2024-07-25 05:36:34 --> Session: Class initialized using 'CodeIgniter\Session\Handlers\FileHandler' driver.
INFO - 2024-07-25 05:37:19 --> Session: Class initialized using 'CodeIgniter\Session\Handlers\FileHandler' driver.
INFO - 2024-07-25 05:37:19 --> Session: Class initialized using 'CodeIgniter\Session\Handlers\FileHandler' driver.
INFO - 2024-07-25 05:37:23 --> Session: Class initialized using 'CodeIgniter\Session\Handlers\FileHandler' driver.
INFO - 2024-07-25 05:37:31 --> Session: Class initialized using 'CodeIgniter\Session\Handlers\FileHandler' driver.
CRITICAL - 2024-07-25 05:37:44 --> TypeError: unlink(): Argument #2 ($context) must be of type resource or null, string given
[Method: POST, Route: buku/update]
in APPPATH\Controllers\Buku.php on line 103.
 1 APPPATH\Controllers\Buku.php(103): unlink('D:\\Project\\xampp\\htdocs\\Basdat2\\public/uploads', '001.png')
 2 SYSTEMPATH\CodeIgniter.php(933): App\Controllers\Buku->update()
 3 SYSTEMPATH\CodeIgniter.php(509): CodeIgniter\CodeIgniter->runController(Object(App\Controllers\Buku))
 4 SYSTEMPATH\CodeIgniter.php(355): CodeIgniter\CodeIgniter->handleRequest(null, Object(Config\Cache), false)
 5 SYSTEMPATH\Boot.php(325): CodeIgniter\CodeIgniter->run()
 6 SYSTEMPATH\Boot.php(67): CodeIgniter\Boot::runCodeIgniter(Object(CodeIgniter\CodeIgniter))
 7 FCPATH\index.php(56): CodeIgniter\Boot::bootWeb(Object(Config\Paths))
INFO - 2024-07-25 05:38:20 --> Session: Class initialized using 'CodeIgniter\Session\Handlers\FileHandler' driver.
INFO - 2024-07-25 05:38:29 --> Session: Class initialized using 'CodeIgniter\Session\Handlers\FileHandler' driver.
INFO - 2024-07-25 05:38:33 --> Session: Class initialized using 'CodeIgniter\Session\Handlers\FileHandler' driver.
INFO - 2024-07-25 05:38:46 --> Session: Class initialized using 'CodeIgniter\Session\Handlers\FileHandler' driver.
CRITICAL - 2024-07-25 05:38:55 --> TypeError: unlink(): Argument #2 ($context) must be of type resource or null, string given
[Method: POST, Route: buku/update]
in APPPATH\Controllers\Buku.php on line 103.
 1 APPPATH\Controllers\Buku.php(103): unlink('D:\\Project\\xampp\\htdocs\\Basdat2\\public/uploads', '001.jpg')
 2 SYSTEMPATH\CodeIgniter.php(933): App\Controllers\Buku->update()
 3 SYSTEMPATH\CodeIgniter.php(509): CodeIgniter\CodeIgniter->runController(Object(App\Controllers\Buku))
 4 SYSTEMPATH\CodeIgniter.php(355): CodeIgniter\CodeIgniter->handleRequest(null, Object(Config\Cache), false)
 5 SYSTEMPATH\Boot.php(325): CodeIgniter\CodeIgniter->run()
 6 SYSTEMPATH\Boot.php(67): CodeIgniter\Boot::runCodeIgniter(Object(CodeIgniter\CodeIgniter))
 7 FCPATH\index.php(56): CodeIgniter\Boot::bootWeb(Object(Config\Paths))
INFO - 2024-07-25 05:39:18 --> Session: Class initialized using 'CodeIgniter\Session\Handlers\FileHandler' driver.
CRITICAL - 2024-07-25 05:39:20 --> ErrorException: unlink(D:\Project\xampp\htdocs\Basdat2\public/uploads001.jpg): No such file or directory
[Method: POST, Route: buku/update]
in APPPATH\Controllers\Buku.php on line 103.
 1 [internal function]: CodeIgniter\Debug\Exceptions->errorHandler(2, 'unlink(D:\\Project\\xampp\\htdocs\\Basdat2\\public/uploads001.jpg): No such file or directory', 'D:\\Project\\xampp\\htdocs\\Basdat2\\app\\Controllers\\Buku.php', 103)
 2 APPPATH\Controllers\Buku.php(103): unlink('D:\\Project\\xampp\\htdocs\\Basdat2\\public/uploads001.jpg')
 3 SYSTEMPATH\CodeIgniter.php(933): App\Controllers\Buku->update()
 4 SYSTEMPATH\CodeIgniter.php(509): CodeIgniter\CodeIgniter->runController(Object(App\Controllers\Buku))
 5 SYSTEMPATH\CodeIgniter.php(355): CodeIgniter\CodeIgniter->handleRequest(null, Object(Config\Cache), false)
 6 SYSTEMPATH\Boot.php(325): CodeIgniter\CodeIgniter->run()
 7 SYSTEMPATH\Boot.php(67): CodeIgniter\Boot::runCodeIgniter(Object(CodeIgniter\CodeIgniter))
 8 FCPATH\index.php(56): CodeIgniter\Boot::bootWeb(Object(Config\Paths))
INFO - 2024-07-25 05:40:12 --> Session: Class initialized using 'CodeIgniter\Session\Handlers\FileHandler' driver.
CRITICAL - 2024-07-25 05:40:14 --> ErrorException: unlink(): http does not allow unlinking
[Method: POST, Route: buku/update]
in APPPATH\Controllers\Buku.php on line 103.
 1 [internal function]: CodeIgniter\Debug\Exceptions->errorHandler(2, 'unlink(): http does not allow unlinking', 'D:\\Project\\xampp\\htdocs\\Basdat2\\app\\Controllers\\Buku.php', 103)
 2 APPPATH\Controllers\Buku.php(103): unlink('https://localhost/Basdat2/public/public/uploads001.jpg')
 3 SYSTEMPATH\CodeIgniter.php(933): App\Controllers\Buku->update()
 4 SYSTEMPATH\CodeIgniter.php(509): CodeIgniter\CodeIgniter->runController(Object(App\Controllers\Buku))
 5 SYSTEMPATH\CodeIgniter.php(355): CodeIgniter\CodeIgniter->handleRequest(null, Object(Config\Cache), false)
 6 SYSTEMPATH\Boot.php(325): CodeIgniter\CodeIgniter->run()
 7 SYSTEMPATH\Boot.php(67): CodeIgniter\Boot::runCodeIgniter(Object(CodeIgniter\CodeIgniter))
 8 FCPATH\index.php(56): CodeIgniter\Boot::bootWeb(Object(Config\Paths))
INFO - 2024-07-25 05:40:36 --> Session: Class initialized using 'CodeIgniter\Session\Handlers\FileHandler' driver.
CRITICAL - 2024-07-25 05:40:39 --> ErrorException: unlink(D:\Project\xampp\htdocs\Basdat2\public/uploads001.jpg): No such file or directory
[Method: POST, Route: buku/update]
in APPPATH\Controllers\Buku.php on line 103.
 1 [internal function]: CodeIgniter\Debug\Exceptions->errorHandler(2, 'unlink(D:\\Project\\xampp\\htdocs\\Basdat2\\public/uploads001.jpg): No such file or directory', 'D:\\Project\\xampp\\htdocs\\Basdat2\\app\\Controllers\\Buku.php', 103)
 2 APPPATH\Controllers\Buku.php(103): unlink('D:\\Project\\xampp\\htdocs\\Basdat2\\public/uploads001.jpg')
 3 SYSTEMPATH\CodeIgniter.php(933): App\Controllers\Buku->update()
 4 SYSTEMPATH\CodeIgniter.php(509): CodeIgniter\CodeIgniter->runController(Object(App\Controllers\Buku))
 5 SYSTEMPATH\CodeIgniter.php(355): CodeIgniter\CodeIgniter->handleRequest(null, Object(Config\Cache), false)
 6 SYSTEMPATH\Boot.php(325): CodeIgniter\CodeIgniter->run()
 7 SYSTEMPATH\Boot.php(67): CodeIgniter\Boot::runCodeIgniter(Object(CodeIgniter\CodeIgniter))
 8 FCPATH\index.php(56): CodeIgniter\Boot::bootWeb(Object(Config\Paths))
INFO - 2024-07-25 05:40:57 --> Session: Class initialized using 'CodeIgniter\Session\Handlers\FileHandler' driver.
INFO - 2024-07-25 05:40:58 --> Session: Class initialized using 'CodeIgniter\Session\Handlers\FileHandler' driver.
INFO - 2024-07-25 05:40:58 --> Session: Class initialized using 'CodeIgniter\Session\Handlers\FileHandler' driver.
INFO - 2024-07-25 05:41:02 --> Session: Class initialized using 'CodeIgniter\Session\Handlers\FileHandler' driver.
INFO - 2024-07-25 05:41:19 --> Session: Class initialized using 'CodeIgniter\Session\Handlers\FileHandler' driver.
INFO - 2024-07-25 05:41:26 --> Session: Class initialized using 'CodeIgniter\Session\Handlers\FileHandler' driver.
INFO - 2024-07-25 05:41:26 --> Session: Class initialized using 'CodeIgniter\Session\Handlers\FileHandler' driver.
INFO - 2024-07-25 05:41:32 --> Session: Class initialized using 'CodeIgniter\Session\Handlers\FileHandler' driver.
INFO - 2024-07-25 05:41:35 --> Session: Class initialized using 'CodeIgniter\Session\Handlers\FileHandler' driver.
INFO - 2024-07-25 05:41:55 --> Session: Class initialized using 'CodeIgniter\Session\Handlers\FileHandler' driver.
INFO - 2024-07-25 05:42:00 --> Session: Class initialized using 'CodeIgniter\Session\Handlers\FileHandler' driver.
INFO - 2024-07-25 05:42:02 --> Session: Class initialized using 'CodeIgniter\Session\Handlers\FileHandler' driver.
INFO - 2024-07-25 05:42:04 --> Session: Class initialized using 'CodeIgniter\Session\Handlers\FileHandler' driver.
CRITICAL - 2024-07-25 05:42:43 --> ErrorException: unlink(D:\Project\xampp\htdocs\Basdat2\public/uploads001.jpg): No such file or directory
[Method: GET, Route: buku/delete/3]
in APPPATH\Controllers\Buku.php on line 121.
 1 [internal function]: CodeIgniter\Debug\Exceptions->errorHandler(2, 'unlink(D:\\Project\\xampp\\htdocs\\Basdat2\\public/uploads001.jpg): No such file or directory', 'D:\\Project\\xampp\\htdocs\\Basdat2\\app\\Controllers\\Buku.php', 121)
 2 APPPATH\Controllers\Buku.php(121): unlink('D:\\Project\\xampp\\htdocs\\Basdat2\\public/uploads001.jpg')
 3 SYSTEMPATH\CodeIgniter.php(933): App\Controllers\Buku->delete('3')
 4 SYSTEMPATH\CodeIgniter.php(509): CodeIgniter\CodeIgniter->runController(Object(App\Controllers\Buku))
 5 SYSTEMPATH\CodeIgniter.php(355): CodeIgniter\CodeIgniter->handleRequest(null, Object(Config\Cache), false)
 6 SYSTEMPATH\Boot.php(325): CodeIgniter\CodeIgniter->run()
 7 SYSTEMPATH\Boot.php(67): CodeIgniter\Boot::runCodeIgniter(Object(CodeIgniter\CodeIgniter))
 8 FCPATH\index.php(56): CodeIgniter\Boot::bootWeb(Object(Config\Paths))
INFO - 2024-07-25 05:42:46 --> Session: Class initialized using 'CodeIgniter\Session\Handlers\FileHandler' driver.
