ERROR - 2024-07-13 07:10:24 --> Error connecting to the database: mysqli_sql_exception: Access denied for user 'root'@'localhost' (using password: YES) in D:\Project\xampp\htdocs\Basdat2\system\Database\MySQLi\Connection.php:186
Stack trace:
#0 D:\Project\xampp\htdocs\Basdat2\system\Database\MySQLi\Connection.php(186): mysqli->real_connect('localhost', 'root', Object(SensitiveParameterValue), 'toko_buku', 3306, '', 0)
#1 D:\Project\xampp\htdocs\Basdat2\system\Database\BaseConnection.php(421): CodeIgniter\Database\MySQLi\Connection->connect(false)
#2 D:\Project\xampp\htdocs\Basdat2\system\Database\BaseConnection.php(616): CodeIgniter\Database\BaseConnection->initialize()
#3 D:\Project\xampp\htdocs\Basdat2\system\Database\BaseConnection.php(1485): CodeIgniter\Database\BaseConnection->query('SHOW TABLES FRO...')
#4 D:\Project\xampp\htdocs\Basdat2\system\Database\BaseConnection.php(1505): CodeIgniter\Database\BaseConnection->listTables()
#5 D:\Project\xampp\htdocs\Basdat2\system\Database\MigrationRunner.php(759): CodeIgniter\Database\BaseConnection->tableExists('migrations')
#6 D:\Project\xampp\htdocs\Basdat2\system\Database\MigrationRunner.php(163): CodeIgniter\Database\MigrationRunner->ensureTable()
#7 D:\Project\xampp\htdocs\Basdat2\system\Commands\Database\Migrate.php(85): CodeIgniter\Database\MigrationRunner->latest(NULL)
#8 D:\Project\xampp\htdocs\Basdat2\system\CLI\Commands.php(70): CodeIgniter\Commands\Database\Migrate->run(Array)
#9 D:\Project\xampp\htdocs\Basdat2\system\CLI\Console.php(48): CodeIgniter\CLI\Commands->run('migrate', Array)
#10 D:\Project\xampp\htdocs\Basdat2\system\Boot.php(351): CodeIgniter\CLI\Console->run()
#11 D:\Project\xampp\htdocs\Basdat2\system\Boot.php(104): CodeIgniter\Boot::runCommand(Object(CodeIgniter\CLI\Console))
#12 D:\Project\xampp\htdocs\Basdat2\spark(84): CodeIgniter\Boot::bootSpark(Object(Config\Paths))
#13 {main}

Next CodeIgniter\Database\Exceptions\DatabaseException: Access denied for user '****'@'localhost' (using password: YES) in D:\Project\xampp\htdocs\Basdat2\system\Database\MySQLi\Connection.php:231
Stack trace:
#0 D:\Project\xampp\htdocs\Basdat2\system\Database\BaseConnection.php(421): CodeIgniter\Database\MySQLi\Connection->connect(false)
#1 D:\Project\xampp\htdocs\Basdat2\system\Database\BaseConnection.php(616): CodeIgniter\Database\BaseConnection->initialize()
#2 D:\Project\xampp\htdocs\Basdat2\system\Database\BaseConnection.php(1485): CodeIgniter\Database\BaseConnection->query('SHOW TABLES FRO...')
#3 D:\Project\xampp\htdocs\Basdat2\system\Database\BaseConnection.php(1505): CodeIgniter\Database\BaseConnection->listTables()
#4 D:\Project\xampp\htdocs\Basdat2\system\Database\MigrationRunner.php(759): CodeIgniter\Database\BaseConnection->tableExists('migrations')
#5 D:\Project\xampp\htdocs\Basdat2\system\Database\MigrationRunner.php(163): CodeIgniter\Database\MigrationRunner->ensureTable()
#6 D:\Project\xampp\htdocs\Basdat2\system\Commands\Database\Migrate.php(85): CodeIgniter\Database\MigrationRunner->latest(NULL)
#7 D:\Project\xampp\htdocs\Basdat2\system\CLI\Commands.php(70): CodeIgniter\Commands\Database\Migrate->run(Array)
#8 D:\Project\xampp\htdocs\Basdat2\system\CLI\Console.php(48): CodeIgniter\CLI\Commands->run('migrate', Array)
#9 D:\Project\xampp\htdocs\Basdat2\system\Boot.php(351): CodeIgniter\CLI\Console->run()
#10 D:\Project\xampp\htdocs\Basdat2\system\Boot.php(104): CodeIgniter\Boot::runCommand(Object(CodeIgniter\CLI\Console))
#11 D:\Project\xampp\htdocs\Basdat2\spark(84): CodeIgniter\Boot::bootSpark(Object(Config\Paths))
#12 {main}
ERROR - 2024-07-13 08:34:57 --> Error connecting to the database: mysqli_sql_exception: No connection could be made because the target machine actively refused it in D:\Project\xampp\htdocs\Basdat2\system\Database\MySQLi\Connection.php:186
Stack trace:
#0 D:\Project\xampp\htdocs\Basdat2\system\Database\MySQLi\Connection.php(186): mysqli->real_connect('localhost', 'root', Object(SensitiveParameterValue), 'toko_buku', 3306, '', 0)
#1 D:\Project\xampp\htdocs\Basdat2\system\Database\BaseConnection.php(421): CodeIgniter\Database\MySQLi\Connection->connect(false)
#2 D:\Project\xampp\htdocs\Basdat2\system\Database\BaseConnection.php(616): CodeIgniter\Database\BaseConnection->initialize()
#3 D:\Project\xampp\htdocs\Basdat2\system\Database\BaseConnection.php(1485): CodeIgniter\Database\BaseConnection->query('SHOW TABLES FRO...')
#4 D:\Project\xampp\htdocs\Basdat2\system\Database\BaseConnection.php(1505): CodeIgniter\Database\BaseConnection->listTables()
#5 D:\Project\xampp\htdocs\Basdat2\system\Database\MigrationRunner.php(759): CodeIgniter\Database\BaseConnection->tableExists('migrations')
#6 D:\Project\xampp\htdocs\Basdat2\system\Database\MigrationRunner.php(163): CodeIgniter\Database\MigrationRunner->ensureTable()
#7 D:\Project\xampp\htdocs\Basdat2\system\Commands\Database\Migrate.php(85): CodeIgniter\Database\MigrationRunner->latest(NULL)
#8 D:\Project\xampp\htdocs\Basdat2\system\CLI\Commands.php(70): CodeIgniter\Commands\Database\Migrate->run(Array)
#9 D:\Project\xampp\htdocs\Basdat2\system\CLI\Console.php(48): CodeIgniter\CLI\Commands->run('migrate', Array)
#10 D:\Project\xampp\htdocs\Basdat2\system\Boot.php(351): CodeIgniter\CLI\Console->run()
#11 D:\Project\xampp\htdocs\Basdat2\system\Boot.php(104): CodeIgniter\Boot::runCommand(Object(CodeIgniter\CLI\Console))
#12 D:\Project\xampp\htdocs\Basdat2\spark(84): CodeIgniter\Boot::bootSpark(Object(Config\Paths))
#13 {main}

Next CodeIgniter\Database\Exceptions\DatabaseException: No connection could be made because the target machine actively refused it in D:\Project\xampp\htdocs\Basdat2\system\Database\MySQLi\Connection.php:231
Stack trace:
#0 D:\Project\xampp\htdocs\Basdat2\system\Database\BaseConnection.php(421): CodeIgniter\Database\MySQLi\Connection->connect(false)
#1 D:\Project\xampp\htdocs\Basdat2\system\Database\BaseConnection.php(616): CodeIgniter\Database\BaseConnection->initialize()
#2 D:\Project\xampp\htdocs\Basdat2\system\Database\BaseConnection.php(1485): CodeIgniter\Database\BaseConnection->query('SHOW TABLES FRO...')
#3 D:\Project\xampp\htdocs\Basdat2\system\Database\BaseConnection.php(1505): CodeIgniter\Database\BaseConnection->listTables()
#4 D:\Project\xampp\htdocs\Basdat2\system\Database\MigrationRunner.php(759): CodeIgniter\Database\BaseConnection->tableExists('migrations')
#5 D:\Project\xampp\htdocs\Basdat2\system\Database\MigrationRunner.php(163): CodeIgniter\Database\MigrationRunner->ensureTable()
#6 D:\Project\xampp\htdocs\Basdat2\system\Commands\Database\Migrate.php(85): CodeIgniter\Database\MigrationRunner->latest(NULL)
#7 D:\Project\xampp\htdocs\Basdat2\system\CLI\Commands.php(70): CodeIgniter\Commands\Database\Migrate->run(Array)
#8 D:\Project\xampp\htdocs\Basdat2\system\CLI\Console.php(48): CodeIgniter\CLI\Commands->run('migrate', Array)
#9 D:\Project\xampp\htdocs\Basdat2\system\Boot.php(351): CodeIgniter\CLI\Console->run()
#10 D:\Project\xampp\htdocs\Basdat2\system\Boot.php(104): CodeIgniter\Boot::runCommand(Object(CodeIgniter\CLI\Console))
#11 D:\Project\xampp\htdocs\Basdat2\spark(84): CodeIgniter\Boot::bootSpark(Object(Config\Paths))
#12 {main}
